Feb-02 09:25:44.848 [main] DEBUG nextflow.cli.Launcher - $> nextflow run nf_workflow.nf
Feb-02 09:25:45.032 [main] INFO  nextflow.cli.CmdRun - N E X T F L O W  ~  version 23.10.0
Feb-02 09:25:45.135 [main] DEBUG nextflow.plugin.PluginsFacade - Setting up plugin manager > mode=prod; embedded=false; plugins-dir=/home/blancapueche/.nextflow/plugins; core-plugins: nf-amazon@2.1.4,nf-azure@1.3.2,nf-cloudcache@0.3.0,nf-codecommit@0.1.5,nf-console@1.0.6,nf-ga4gh@1.1.0,nf-google@1.8.3,nf-tower@1.6.3,nf-wave@1.0.0
Feb-02 09:25:45.164 [main] INFO  o.pf4j.DefaultPluginStatusProvider - Enabled plugins: []
Feb-02 09:25:45.167 [main] INFO  o.pf4j.DefaultPluginStatusProvider - Disabled plugins: []
Feb-02 09:25:45.175 [main] INFO  org.pf4j.DefaultPluginManager - PF4J version 3.4.1 in 'deployment' mode
Feb-02 09:25:45.238 [main] INFO  org.pf4j.AbstractPluginManager - No plugins
Feb-02 09:25:45.347 [main] DEBUG nextflow.config.ConfigBuilder - Found config local: /home/blancapueche/Desktop/Repositorios/molecular-librarysearch-gc_workflow/nextflow.config
Feb-02 09:25:45.353 [main] DEBUG nextflow.config.ConfigBuilder - Parsing config file: /home/blancapueche/Desktop/Repositorios/molecular-librarysearch-gc_workflow/nextflow.config
Feb-02 09:25:45.403 [main] DEBUG nextflow.config.ConfigBuilder - Applying config profile: `standard`
Feb-02 09:25:47.360 [main] DEBUG nextflow.cli.CmdRun - Applied DSL=2 from script declararion
Feb-02 09:25:47.420 [main] INFO  nextflow.cli.CmdRun - Launching `nf_workflow.nf` [cheeky_hypatia] DSL2 - revision: 9830e9ad58
Feb-02 09:25:47.422 [main] DEBUG nextflow.plugin.PluginsFacade - Plugins default=[]
Feb-02 09:25:47.423 [main] DEBUG nextflow.plugin.PluginsFacade - Plugins resolved requirement=[]
Feb-02 09:25:47.475 [main] DEBUG n.secret.LocalSecretsProvider - Secrets store: /home/blancapueche/.nextflow/secrets/store.json
Feb-02 09:25:47.482 [main] DEBUG nextflow.secret.SecretsLoader - Discovered secrets providers: [nextflow.secret.LocalSecretsProvider@7ceb4478] - activable => nextflow.secret.LocalSecretsProvider@7ceb4478
Feb-02 09:25:47.630 [main] DEBUG nextflow.Session - Session UUID: 3505d458-791d-47a4-8afb-6c81cc886551
Feb-02 09:25:47.631 [main] DEBUG nextflow.Session - Run name: cheeky_hypatia
Feb-02 09:25:47.632 [main] DEBUG nextflow.Session - Executor pool size: 2
Feb-02 09:25:47.653 [main] DEBUG nextflow.file.FilePorter - File porter settings maxRetries=3; maxTransfers=50; pollTimeout=null
Feb-02 09:25:47.666 [main] DEBUG nextflow.util.ThreadPoolBuilder - Creating thread pool 'FileTransfer' minSize=10; maxSize=10; workQueue=LinkedBlockingQueue[10000]; allowCoreThreadTimeout=false
Feb-02 09:25:47.805 [main] DEBUG nextflow.cli.CmdRun - 
  Version: 23.10.0 build 5889
  Created: 15-10-2023 15:07 UTC (17:07 CEST)
  System: Linux 6.5.0-14-generic
  Runtime: Groovy 3.0.19 on OpenJDK 64-Bit Server VM 11.0.21+9-post-Ubuntu-0ubuntu122.04
  Encoding: UTF-8 (UTF-8)
  Process: 21342@Ubuntu22 [127.0.1.1]
  CPUs: 2 - Mem: 3 GB (130.2 MB) - Swap: 2.6 GB (1.3 GB)
Feb-02 09:25:47.883 [main] DEBUG nextflow.Session - Work-dir: /home/blancapueche/Desktop/Repositorios/molecular-librarysearch-gc_workflow/work [ext2/ext3]
Feb-02 09:25:47.939 [main] DEBUG nextflow.executor.ExecutorFactory - Extension executors providers=[]
Feb-02 09:25:47.971 [main] DEBUG nextflow.Session - Observer factory: DefaultObserverFactory
Feb-02 09:25:48.030 [main] DEBUG nextflow.cache.CacheFactory - Using Nextflow cache factory: nextflow.cache.DefaultCacheFactory
Feb-02 09:25:48.089 [main] DEBUG nextflow.util.CustomThreadPool - Creating default thread pool > poolSize: 3; maxThreads: 1000
Feb-02 09:25:48.436 [main] DEBUG nextflow.Session - Session start
Feb-02 09:25:49.776 [main] DEBUG nextflow.script.ScriptRunner - > Launching execution
Feb-02 09:25:49.957 [main] DEBUG nextflow.executor.ExecutorFactory - << taskConfig executor: null
Feb-02 09:25:49.958 [main] DEBUG nextflow.executor.ExecutorFactory - >> processorType: 'local'
Feb-02 09:25:49.971 [main] DEBUG nextflow.executor.Executor - [warm up] executor > local
Feb-02 09:25:49.983 [main] DEBUG n.processor.LocalPollingMonitor - Creating local task monitor for executor 'local' > cpus=2; memory=3 GB; capacity=2; pollInterval=100ms; dumpInterval=5m
Feb-02 09:25:49.988 [main] DEBUG n.processor.TaskPollingMonitor - >>> barrier register (monitor: local)
Feb-02 09:25:50.144 [main] DEBUG nextflow.Session - Workflow process names [dsl2]: reformat_quant_table, tsv_merger
Feb-02 09:25:50.146 [main] DEBUG nextflow.Session - Igniting dataflow network (3)
Feb-02 09:25:50.159 [main] DEBUG nextflow.processor.TaskProcessor - Starting process > reformat_quant_table
Feb-02 09:25:50.164 [main] DEBUG nextflow.script.ScriptRunner - Parsed script files:
  Script_83e5c816b36f15d2: /home/blancapueche/Desktop/Repositorios/molecular-librarysearch-gc_workflow/nf_workflow.nf
Feb-02 09:25:50.164 [main] DEBUG nextflow.script.ScriptRunner - > Awaiting termination 
Feb-02 09:25:50.165 [main] DEBUG nextflow.Session - Session await
Feb-02 09:25:50.707 [Actor Thread 2] INFO  nextflow.conda.CondaCache - Creating env using mamba: /home/blancapueche/Desktop/Repositorios/molecular-librarysearch-gc_workflow/bin/conda_env.yml [cache /home/blancapueche/Desktop/Repositorios/molecular-librarysearch-gc_workflow/work/conda/conda_env-9a90399072a7ea9496bb54297e47b2ae]
Feb-02 09:26:56.320 [Actor Thread 2] DEBUG nextflow.conda.CondaCache - 'mamba' create complete env=/home/blancapueche/Desktop/Repositorios/molecular-librarysearch-gc_workflow/bin/conda_env.yml path=/home/blancapueche/Desktop/Repositorios/molecular-librarysearch-gc_workflow/work/conda/conda_env-9a90399072a7ea9496bb54297e47b2ae
Feb-02 09:26:56.584 [Task submitter] DEBUG n.executor.local.LocalTaskHandler - Launch cmd line: /bin/bash -ue .command.run
Feb-02 09:26:56.595 [Task submitter] INFO  nextflow.Session - [6f/709b84] Submitted process > reformat_quant_table (1)
Feb-02 09:26:59.280 [Task monitor] DEBUG n.processor.TaskPollingMonitor - Task completed > TaskHandler[id: 1; name: reformat_quant_table (1); status: COMPLETED; exit: 0; error: -; workDir: /home/blancapueche/Desktop/Repositorios/molecular-librarysearch-gc_workflow/work/6f/709b8400676d61612c35554893face]
Feb-02 09:26:59.364 [Task monitor] DEBUG nextflow.util.ThreadPoolBuilder - Creating thread pool 'PublishDir' minSize=10; maxSize=10; workQueue=LinkedBlockingQueue[10000]; allowCoreThreadTimeout=false
Feb-02 09:26:59.383 [main] DEBUG nextflow.Session - Session await > all processes finished
Feb-02 09:26:59.399 [Task monitor] DEBUG n.processor.TaskPollingMonitor - <<< barrier arrives (monitor: local) - terminating tasks monitor poll loop
Feb-02 09:26:59.414 [main] DEBUG nextflow.Session - Session await > all barriers passed
Feb-02 09:26:59.424 [main] DEBUG nextflow.util.ThreadPoolManager - Thread pool 'PublishDir' shutdown completed (hard=false)
Feb-02 09:26:59.528 [main] DEBUG n.trace.WorkflowStatsObserver - Workflow completed > WorkflowStats[succeededCount=1; failedCount=0; ignoredCount=0; cachedCount=0; pendingCount=0; submittedCount=0; runningCount=0; retriesCount=0; abortedCount=0; succeedDuration=2.6s; failedDuration=0ms; cachedDuration=0ms;loadCpus=0; loadMemory=0; peakRunning=1; peakCpus=1; peakMemory=0; ]
Feb-02 09:26:59.863 [main] DEBUG nextflow.cache.CacheDB - Closing CacheDB done
Feb-02 09:26:59.905 [main] DEBUG nextflow.util.ThreadPoolManager - Thread pool 'FileTransfer' shutdown completed (hard=false)
Feb-02 09:26:59.907 [main] DEBUG nextflow.script.ScriptRunner - > Execution complete -- Goodbye
